c:\users\ssilv\desktop\uni\4ºaño\1er cuatri\programación avanzada\prácticas\práctica8.1\debug\vc142.pdb
c:\users\ssilv\desktop\uni\4ºaño\1er cuatri\programación avanzada\prácticas\práctica8.1\debug\vc142.idb
c:\users\ssilv\desktop\uni\4ºaño\1er cuatri\programación avanzada\prácticas\práctica8.1\debug\utils.obj
c:\users\ssilv\desktop\uni\4ºaño\1er cuatri\programación avanzada\prácticas\práctica8.1\debug\main.obj
c:\users\ssilv\desktop\uni\4ºaño\1er cuatri\programación avanzada\prácticas\práctica8.1\debug\csiniestrourgente.obj
c:\users\ssilv\desktop\uni\4ºaño\1er cuatri\programación avanzada\prácticas\práctica8.1\debug\csiniestronormal.obj
c:\users\ssilv\desktop\uni\4ºaño\1er cuatri\programación avanzada\prácticas\práctica8.1\debug\csiniestro.obj
c:\users\ssilv\desktop\uni\4ºaño\1er cuatri\programación avanzada\prácticas\práctica8.1\debug\cnodolista.obj
c:\users\ssilv\desktop\uni\4ºaño\1er cuatri\programación avanzada\prácticas\práctica8.1\debug\clista.obj
c:\users\ssilv\desktop\uni\4ºaño\1er cuatri\programación avanzada\prácticas\práctica8.1\debug\cempresa.obj
c:\users\ssilv\desktop\uni\4ºaño\1er cuatri\programación avanzada\prácticas\práctica8.1\debug\ccontrato.obj
c:\users\ssilv\desktop\uni\4ºaño\1er cuatri\programación avanzada\prácticas\práctica8.1\debug\ccliente.obj
c:\users\ssilv\desktop\uni\4ºaño\1er cuatri\programación avanzada\prácticas\práctica8.1\debug\práctica8.1.pdb
c:\users\ssilv\desktop\uni\4ºaño\1er cuatri\programación avanzada\prácticas\práctica8.1\debug\práctica8.1.tlog\cl.command.1.tlog
c:\users\ssilv\desktop\uni\4ºaño\1er cuatri\programación avanzada\prácticas\práctica8.1\debug\práctica8.1.tlog\cl.read.1.tlog
c:\users\ssilv\desktop\uni\4ºaño\1er cuatri\programación avanzada\prácticas\práctica8.1\debug\práctica8.1.tlog\cl.write.1.tlog
c:\users\ssilv\desktop\uni\4ºaño\1er cuatri\programación avanzada\prácticas\práctica8.1\debug\práctica8.1.tlog\link-cvtres.read.1.tlog
c:\users\ssilv\desktop\uni\4ºaño\1er cuatri\programación avanzada\prácticas\práctica8.1\debug\práctica8.1.tlog\link-cvtres.write.1.tlog
c:\users\ssilv\desktop\uni\4ºaño\1er cuatri\programación avanzada\prácticas\práctica8.1\debug\práctica8.1.tlog\link-rc.read.1.tlog
c:\users\ssilv\desktop\uni\4ºaño\1er cuatri\programación avanzada\prácticas\práctica8.1\debug\práctica8.1.tlog\link-rc.write.1.tlog
c:\users\ssilv\desktop\uni\4ºaño\1er cuatri\programación avanzada\prácticas\práctica8.1\debug\práctica8.1.tlog\link.command.1.tlog
c:\users\ssilv\desktop\uni\4ºaño\1er cuatri\programación avanzada\prácticas\práctica8.1\debug\práctica8.1.tlog\link.read.1.tlog
c:\users\ssilv\desktop\uni\4ºaño\1er cuatri\programación avanzada\prácticas\práctica8.1\debug\práctica8.1.tlog\link.write.1.tlog
