  Funciones.cpp
C:\Users\ssilv\Desktop\Uni\4ºAño\1er Cuatri\Programación Avanzada\Prácticas\Práctica4Versión2\MemoryManager.h(112,58): warning C5043:  "operator new": la especificación de la excepción no coincide con la declaración anterior.
C:\Program Files (x86)\Microsoft Visual Studio\2019\Community\VC\Tools\MSVC\14.22.27905\include\vcruntime_new.h(54): message :  vea la declaración de 'operator new'
C:\Users\ssilv\Desktop\Uni\4ºAño\1er Cuatri\Programación Avanzada\Prácticas\Práctica4Versión2\MemoryManager.h(113,60): warning C5043:  "operator new[]": la especificación de la excepción no coincide con la declaración anterior.
C:\Program Files (x86)\Microsoft Visual Studio\2019\Community\VC\Tools\MSVC\14.22.27905\include\vcruntime_new.h(65): message :  vea la declaración de 'operator new[]'
  main.cpp
C:\Users\ssilv\Desktop\Uni\4ºAño\1er Cuatri\Programación Avanzada\Prácticas\Práctica4Versión2\Funciones.cpp(100,6): warning C4101:  'x': variable local sin referencia
C:\Users\ssilv\Desktop\Uni\4ºAño\1er Cuatri\Programación Avanzada\Prácticas\Práctica4Versión2\MemoryManager.h(112,58): warning C5043:  "operator new": la especificación de la excepción no coincide con la declaración anterior.
C:\Program Files (x86)\Microsoft Visual Studio\2019\Community\VC\Tools\MSVC\14.22.27905\include\vcruntime_new.h(54): message :  vea la declaración de 'operator new'
C:\Users\ssilv\Desktop\Uni\4ºAño\1er Cuatri\Programación Avanzada\Prácticas\Práctica4Versión2\MemoryManager.h(113,60): warning C5043:  "operator new[]": la especificación de la excepción no coincide con la declaración anterior.
C:\Program Files (x86)\Microsoft Visual Studio\2019\Community\VC\Tools\MSVC\14.22.27905\include\vcruntime_new.h(65): message :  vea la declaración de 'operator new[]'
  utils.cpp
C:\Users\ssilv\Desktop\Uni\4ºAño\1er Cuatri\Programación Avanzada\Prácticas\Práctica4Versión2\main.cpp(12,10): warning C4101:  'a': variable local sin referencia
C:\Users\ssilv\Desktop\Uni\4ºAño\1er Cuatri\Programación Avanzada\Prácticas\Práctica4Versión2\MemoryManager.h(112,58): warning C5043:  "operator new": la especificación de la excepción no coincide con la declaración anterior.
C:\Program Files (x86)\Microsoft Visual Studio\2019\Community\VC\Tools\MSVC\14.22.27905\include\vcruntime_new.h(54): message :  vea la declaración de 'operator new'
C:\Users\ssilv\Desktop\Uni\4ºAño\1er Cuatri\Programación Avanzada\Prácticas\Práctica4Versión2\MemoryManager.h(113,60): warning C5043:  "operator new[]": la especificación de la excepción no coincide con la declaración anterior.
  Generando código...
C:\Program Files (x86)\Microsoft Visual Studio\2019\Community\VC\Tools\MSVC\14.22.27905\include\vcruntime_new.h(65): message :  vea la declaración de 'operator new[]'
C:\Users\ssilv\Desktop\Uni\4ºAño\1er Cuatri\Programación Avanzada\Prácticas\Práctica4Versión2\Funciones.cpp(116): warning C4715:  'CHora::operator=': no todas las rutas de acceso de control devuelven un valor
  Práctica4Versión2.vcxproj -> C:\Users\ssilv\Desktop\Uni\4ºAño\1er Cuatri\Programación Avanzada\Prácticas\Práctica4Versión2\Debug\Práctica4Versión2.exe
